<?xml version="1.0" encoding="UTF-8"?>
<testng-results skipped="0" failed="0" ignored="0" total="1" passed="1">
  <reporter-output>
  </reporter-output>
  <suite name="Default suite" duration-ms="41749" started-at="2019-11-04T13:21:16Z" finished-at="2019-11-04T13:21:58Z">
    <groups>
    </groups>
    <test name="Default test" duration-ms="41749" started-at="2019-11-04T13:21:16Z" finished-at="2019-11-04T13:21:58Z">
      <class name="testCases.ExecuteCases">
        <test-method status="PASS" signature="driverInitilization()[pri:0, instance:testCases.ExecuteCases@482f8f11]" name="driverInitilization" is-config="true" duration-ms="15717" started-at="2019-11-04T13:21:16Z" finished-at="2019-11-04T13:21:32Z">
          <reporter-output>
          </reporter-output>
        </test-method> <!-- driverInitilization -->
        <test-method status="PASS" signature="userRegisterationWithInvalidDetails()[pri:0, instance:testCases.ExecuteCases@482f8f11]" name="userRegisterationWithInvalidDetails" duration-ms="24806" started-at="2019-11-04T13:21:32Z" finished-at="2019-11-04T13:21:56Z">
          <reporter-output>
          </reporter-output>
        </test-method> <!-- userRegisterationWithInvalidDetails -->
        <test-method status="PASS" signature="TearDown()[pri:0, instance:testCases.ExecuteCases@482f8f11]" name="TearDown" is-config="true" duration-ms="1125" started-at="2019-11-04T13:21:56Z" finished-at="2019-11-04T13:21:58Z">
          <reporter-output>
          </reporter-output>
        </test-method> <!-- TearDown -->
      </class> <!-- testCases.ExecuteCases -->
    </test> <!-- Default test -->
  </suite> <!-- Default suite -->
</testng-results>
