<?xml version="1.0" encoding="UTF-8"?>
<testng-results skipped="0" failed="0" ignored="0" total="1" passed="1">
  <reporter-output>
  </reporter-output>
  <suite name="Default suite" duration-ms="35878" started-at="2019-11-07T06:56:57Z" finished-at="2019-11-07T06:57:33Z">
    <groups>
    </groups>
    <test name="Default test" duration-ms="35878" started-at="2019-11-07T06:56:57Z" finished-at="2019-11-07T06:57:33Z">
      <class name="testCases.ExecuteCases">
        <test-method status="PASS" signature="driverInitilization()[pri:0, instance:testCases.ExecuteCases@457e2f02]" name="driverInitilization" is-config="true" duration-ms="12173" started-at="2019-11-07T06:56:57Z" finished-at="2019-11-07T06:57:09Z">
          <reporter-output>
          </reporter-output>
        </test-method> <!-- driverInitilization -->
        <test-method status="PASS" signature="UserRegistrationWithInvalidDetails()[pri:0, instance:testCases.ExecuteCases@457e2f02]" name="UserRegistrationWithInvalidDetails" duration-ms="23459" started-at="2019-11-07T06:57:09Z" finished-at="2019-11-07T06:57:33Z">
          <reporter-output>
          </reporter-output>
        </test-method> <!-- UserRegistrationWithInvalidDetails -->
        <test-method status="PASS" signature="CloseBrowser()[pri:0, instance:testCases.ExecuteCases@457e2f02]" name="CloseBrowser" is-config="true" duration-ms="114" started-at="2019-11-07T06:57:33Z" finished-at="2019-11-07T06:57:33Z">
          <reporter-output>
          </reporter-output>
        </test-method> <!-- CloseBrowser -->
      </class> <!-- testCases.ExecuteCases -->
    </test> <!-- Default test -->
  </suite> <!-- Default suite -->
</testng-results>
